2020-11-09 14:46:21,869 [Worker-4: Loading available Gradle versions] INFO  o.e.b.c.i.u.g.PublishedGradleVersions - Gradle version information cache is out-of-date. Trying to update.
2020-11-09 15:18:38,260 [Worker-4: Loading available Gradle versions] INFO  o.e.b.c.i.u.g.PublishedGradleVersions - Gradle version information cache is up-to-date. Trying to read.
2020-11-09 15:24:13,935 [Worker-0: Loading available Gradle versions] INFO  o.e.b.c.i.u.g.PublishedGradleVersions - Gradle version information cache is up-to-date. Trying to read.
2020-11-09 15:33:16,114 [Start Help Server] INFO  org.eclipse.jetty.util.log - Logging initialized @558941ms to org.eclipse.jetty.util.log.Slf4jLog
2020-11-09 15:33:16,463 [Start Help Server] INFO  org.eclipse.jetty.server.Server - jetty-9.4.32.v20200930; built: 2020-10-03T05:42:16.117Z; git: de97d26f7bd222a0e16831e353d702a7a422f711; jvm 11.0.9+11
2020-11-09 15:33:16,513 [Start Help Server] INFO  org.eclipse.jetty.server.session - DefaultSessionIdManager workerName=node0
2020-11-09 15:33:16,513 [Start Help Server] INFO  org.eclipse.jetty.server.session - No SessionScavenger set, using defaults
2020-11-09 15:33:16,517 [Start Help Server] INFO  org.eclipse.jetty.server.session - node0 Scavenging every 600000ms
2020-11-09 15:33:16,568 [Start Help Server] INFO  o.e.j.server.handler.ContextHandler - Started o.e.j.s.ServletContextHandler@5e89b863{/help,null,AVAILABLE}
2020-11-09 15:33:16,604 [Start Help Server] INFO  o.e.jetty.server.AbstractConnector - Started ServerConnector@e8a40cd{HTTP/1.1, (http/1.1)}{127.0.0.1:52366}
2020-11-09 15:33:16,605 [Start Help Server] INFO  org.eclipse.jetty.server.Server - Started @559434ms
2020-11-09 15:33:16,605 [Start Help Server] INFO  org.eclipse.jetty.server.session - node0 Scavenging every 600000ms
2020-11-09 15:40:26,773 [Stop Help Server] INFO  o.e.jetty.server.AbstractConnector - Stopped ServerConnector@e8a40cd{HTTP/1.1, (http/1.1)}{127.0.0.1:0}
2020-11-09 15:40:26,774 [Stop Help Server] INFO  org.eclipse.jetty.server.session - node0 Stopped scavenging
2020-11-09 15:40:26,788 [Stop Help Server] INFO  o.e.j.server.handler.ContextHandler - Stopped o.e.j.s.ServletContextHandler@5e89b863{/help,null,STOPPED}
2020-11-09 15:41:55,325 [Worker-4: Loading available Gradle versions] INFO  o.e.b.c.i.u.g.PublishedGradleVersions - Gradle version information cache is up-to-date. Trying to read.
2020-11-09 15:59:43,883 [Worker-4: Loading available Gradle versions] INFO  o.e.b.c.i.u.g.PublishedGradleVersions - Gradle version information cache is up-to-date. Trying to read.
2020-11-09 16:37:56,103 [Worker-6: Loading available Gradle versions] INFO  o.e.b.c.i.u.g.PublishedGradleVersions - Gradle version information cache is up-to-date. Trying to read.
2020-11-09 16:39:15,053 [Start Help Server] INFO  org.eclipse.jetty.util.log - Logging initialized @110719ms to org.eclipse.jetty.util.log.Slf4jLog
2020-11-09 16:39:15,361 [Start Help Server] INFO  org.eclipse.jetty.server.Server - jetty-9.4.32.v20200930; built: 2020-10-03T05:42:16.117Z; git: de97d26f7bd222a0e16831e353d702a7a422f711; jvm 11.0.9+11
2020-11-09 16:39:15,402 [Start Help Server] INFO  org.eclipse.jetty.server.session - DefaultSessionIdManager workerName=node0
2020-11-09 16:39:15,402 [Start Help Server] INFO  org.eclipse.jetty.server.session - No SessionScavenger set, using defaults
2020-11-09 16:39:15,405 [Start Help Server] INFO  org.eclipse.jetty.server.session - node0 Scavenging every 660000ms
2020-11-09 16:39:15,442 [Start Help Server] INFO  o.e.j.server.handler.ContextHandler - Started o.e.j.s.ServletContextHandler@7d5fc810{/help,null,AVAILABLE}
2020-11-09 16:39:15,478 [Start Help Server] INFO  o.e.jetty.server.AbstractConnector - Started ServerConnector@2003fa38{HTTP/1.1, (http/1.1)}{127.0.0.1:53199}
2020-11-09 16:39:15,479 [Start Help Server] INFO  org.eclipse.jetty.server.Server - Started @111147ms
2020-11-09 16:39:15,479 [Start Help Server] INFO  org.eclipse.jetty.server.session - node0 Scavenging every 660000ms
2020-11-09 16:51:36,377 [Stop Help Server] INFO  o.e.jetty.server.AbstractConnector - Stopped ServerConnector@2003fa38{HTTP/1.1, (http/1.1)}{127.0.0.1:0}
2020-11-09 16:51:36,381 [Stop Help Server] INFO  org.eclipse.jetty.server.session - node0 Stopped scavenging
2020-11-09 16:51:36,414 [Stop Help Server] INFO  o.e.j.server.handler.ContextHandler - Stopped o.e.j.s.ServletContextHandler@7d5fc810{/help,null,STOPPED}
2020-11-09 16:52:18,139 [Worker-0: Loading available Gradle versions] INFO  o.e.b.c.i.u.g.PublishedGradleVersions - Gradle version information cache is up-to-date. Trying to read.
2020-11-10 13:39:47,706 [Worker-2: Loading available Gradle versions] INFO  o.e.b.c.i.u.g.PublishedGradleVersions - Gradle version information cache is up-to-date. Trying to read.
2020-11-13 12:40:01,961 [Worker-1: Loading available Gradle versions] INFO  o.e.b.c.i.u.g.PublishedGradleVersions - Gradle version information cache is out-of-date. Trying to update.
2020-11-13 13:03:44,622 [Worker-1: Loading available Gradle versions] INFO  o.e.b.c.i.u.g.PublishedGradleVersions - Gradle version information cache is up-to-date. Trying to read.
2020-11-13 13:07:13,184 [Worker-5: Loading available Gradle versions] INFO  o.e.b.c.i.u.g.PublishedGradleVersions - Gradle version information cache is up-to-date. Trying to read.
2020-11-13 13:16:12,164 [Worker-6: Loading available Gradle versions] INFO  o.e.b.c.i.u.g.PublishedGradleVersions - Gradle version information cache is up-to-date. Trying to read.
2020-11-23 21:46:42,750 [Worker-5: Loading available Gradle versions] INFO  o.e.b.c.i.u.g.PublishedGradleVersions - Gradle version information cache is out-of-date. Trying to update.
2020-11-23 22:47:18,170 [Worker-7: Loading available Gradle versions] INFO  o.e.b.c.i.u.g.PublishedGradleVersions - Gradle version information cache is up-to-date. Trying to read.
2020-11-24 14:51:58,958 [Worker-0: Loading available Gradle versions] INFO  o.e.b.c.i.u.g.PublishedGradleVersions - Gradle version information cache is up-to-date. Trying to read.
2020-12-01 22:29:02,278 [Worker-2: Loading available Gradle versions] INFO  o.e.b.c.i.u.g.PublishedGradleVersions - Gradle version information cache is out-of-date. Trying to update.
2020-12-06 16:03:43,182 [Worker-4: Loading available Gradle versions] INFO  o.e.b.c.i.u.g.PublishedGradleVersions - Gradle version information cache is out-of-date. Trying to update.
2020-12-08 15:46:07,726 [Worker-6: Loading available Gradle versions] INFO  o.e.b.c.i.u.g.PublishedGradleVersions - Gradle version information cache is out-of-date. Trying to update.
2020-12-20 13:01:17,975 [Worker-1: Loading available Gradle versions] INFO  o.e.b.c.i.u.g.PublishedGradleVersions - Gradle version information cache is out-of-date. Trying to update.
2020-12-20 13:28:55,122 [Worker-0: Loading available Gradle versions] INFO  o.e.b.c.i.u.g.PublishedGradleVersions - Gradle version information cache is up-to-date. Trying to read.
2020-12-30 13:10:15,231 [Worker-2: Loading available Gradle versions] INFO  o.e.b.c.i.u.g.PublishedGradleVersions - Gradle version information cache is out-of-date. Trying to update.
2021-01-07 22:57:10,720 [Worker-3: Loading available Gradle versions] INFO  o.e.b.c.i.u.g.PublishedGradleVersions - Gradle version information cache is out-of-date. Trying to update.
2021-01-21 15:52:39,616 [Worker-2: Loading available Gradle versions] INFO  o.e.b.c.i.u.g.PublishedGradleVersions - Gradle version information cache is out-of-date. Trying to update.
